<?xml version="1.0" encoding="UTF-8"?>
<!-- Generated by org.testng.reporters.JUnitReportReporter -->
<testsuite hostname="Garimas-MacBook-Pro.local" failures="0" tests="1" name="org.gojek.scripts.TC01" time="28.070" errors="0" timestamp="2020-03-03T12:37:49 IST" skipped="0">
  <testcase classname="org.gojek.scripts.TC01" name="successFlow" time="28.070"/>
</testsuite> <!-- org.gojek.scripts.TC01 -->
